19:36:07.875 [INFO ] [                   Test worker] [ingBootTestContextBootstrapper:308] - Neither @ContextConfiguration nor @ContextHierarchy found for test class [com.robert.test.OperationDecoderWaesImplTest], using SpringBootContextLoader
19:36:07.901 [INFO ] [                   Test worker] [         AbstractContextLoader:264] - Could not detect default resource locations for test class [com.robert.test.OperationDecoderWaesImplTest]: no resource found for suffixes {-context.xml, Context.groovy}.
19:36:07.903 [INFO ] [                   Test worker] [tationConfigContextLoaderUtils:83 ] - Could not detect default configuration classes for test class [com.robert.test.OperationDecoderWaesImplTest]: OperationDecoderWaesImplTest does not declare any static, non-private, non-final, nested classes annotated with @Configuration.
19:36:08.077 [INFO ] [                   Test worker] [ingBootTestContextBootstrapper:235] - Found @SpringBootConfiguration com.robert.MsDecoderApplication for test class com.robert.test.OperationDecoderWaesImplTest
19:36:08.235 [INFO ] [                   Test worker] [ingBootTestContextBootstrapper:248] - Loaded default TestExecutionListener class names from location [META-INF/spring.factories]: [org.springframework.boot.test.autoconfigure.restdocs.RestDocsTestExecutionListener, org.springframework.boot.test.autoconfigure.web.client.MockRestServiceServerResetTestExecutionListener, org.springframework.boot.test.autoconfigure.web.servlet.MockMvcPrintOnlyOnFailureTestExecutionListener, org.springframework.boot.test.autoconfigure.web.servlet.WebDriverTestExecutionListener, org.springframework.boot.test.mock.mockito.MockitoTestExecutionListener, org.springframework.boot.test.mock.mockito.ResetMocksTestExecutionListener, org.springframework.test.context.web.ServletTestExecutionListener, org.springframework.test.context.support.DirtiesContextBeforeModesTestExecutionListener, org.springframework.test.context.support.DependencyInjectionTestExecutionListener, org.springframework.test.context.support.DirtiesContextTestExecutionListener, org.springframework.test.context.transaction.TransactionalTestExecutionListener, org.springframework.test.context.jdbc.SqlScriptsTestExecutionListener, org.springframework.test.context.event.EventPublishingTestExecutionListener]
19:36:08.251 [INFO ] [                   Test worker] [ingBootTestContextBootstrapper:177] - Using TestExecutionListeners: [org.springframework.test.context.web.ServletTestExecutionListener@ff708af, org.springframework.test.context.support.DirtiesContextBeforeModesTestExecutionListener@9b6fb37, org.springframework.boot.test.mock.mockito.MockitoTestExecutionListener@20d77df9, org.springframework.boot.test.autoconfigure.SpringBootDependencyInjectionTestExecutionListener@438885d0, org.springframework.test.context.support.DirtiesContextTestExecutionListener@748d5f7e, org.springframework.test.context.event.EventPublishingTestExecutionListener@4adc7d9b, org.springframework.boot.test.autoconfigure.restdocs.RestDocsTestExecutionListener@517ff98c, org.springframework.boot.test.autoconfigure.web.client.MockRestServiceServerResetTestExecutionListener@565e4076, org.springframework.boot.test.autoconfigure.web.servlet.MockMvcPrintOnlyOnFailureTestExecutionListener@4836936c, org.springframework.boot.test.autoconfigure.web.servlet.WebDriverTestExecutionListener@61af0f54, org.springframework.boot.test.mock.mockito.ResetMocksTestExecutionListener@4f323974]
19:36:08.734 [INFO ] [                   Test worker] [  OperationDecoderWaesImplTest:55 ] - Starting OperationDecoderWaesImplTest on DESARROLLO-ROBERTOA with PID 2176 (started by Roberto Armenta in C:\Users\Roberto Armenta\Documents\Proyectos\ChapoJR\WAES\MsDecoder)
19:36:08.735 [INFO ] [                   Test worker] [  OperationDecoderWaesImplTest:651] - No active profile set, falling back to default profiles: default
19:36:10.449 [INFO ] [                   Test worker] [               TomcatWebServer:92 ] - Tomcat initialized with port(s): 0 (http)
19:36:10.467 [INFO ] [                   Test worker] [             Http11NioProtocol:173] - Initializing ProtocolHandler ["http-nio-auto-1"]
19:36:10.469 [INFO ] [                   Test worker] [               StandardService:173] - Starting service [Tomcat]
19:36:10.469 [INFO ] [                   Test worker] [                StandardEngine:173] - Starting Servlet engine: [Apache Tomcat/9.0.31]
19:36:10.667 [INFO ] [                   Test worker] [                           [/]:173] - Initializing Spring embedded WebApplicationContext
19:36:10.667 [INFO ] [                   Test worker] [                 ContextLoader:284] - Root WebApplicationContext: initialization completed in 1907 ms
19:36:11.935 [INFO ] [                   Test worker] [edRequestMappingHandlerMapping:69 ] - Mapped URL path [/v2/api-docs] onto method [springfox.documentation.swagger2.web.Swagger2Controller#getDocumentation(String, HttpServletRequest)]
19:36:12.193 [INFO ] [                   Test worker] [        ThreadPoolTaskExecutor:171] - Initializing ExecutorService 'applicationTaskExecutor'
19:36:12.644 [INFO ] [                   Test worker] [cumentationPluginsBootstrapper:160] - Context refreshed
19:36:12.689 [INFO ] [                   Test worker] [cumentationPluginsBootstrapper:163] - Found 1 custom documentation plugin(s)
19:36:12.742 [INFO ] [                   Test worker] [    ApiListingReferenceScanner:41 ] - Scanning for api listing references
19:36:12.992 [INFO ] [                   Test worker] [             Http11NioProtocol:173] - Starting ProtocolHandler ["http-nio-auto-1"]
19:36:13.017 [INFO ] [                   Test worker] [               TomcatWebServer:204] - Tomcat started on port(s): 53350 (http) with context path ''
19:36:13.024 [INFO ] [                   Test worker] [  OperationDecoderWaesImplTest:61 ] - Started OperationDecoderWaesImplTest in 4.732 seconds (JVM running for 7.177)
19:36:13.374 [INFO ] [                   Test worker] [      OperationDecoderWaesImpl:72 ] - JsonId Test not found
19:36:13.374 [INFO ] [                   Test worker] [      OperationDecoderWaesImpl:73 ] - Creating new HashMap Instance
19:36:13.374 [INFO ] [                   Test worker] [      OperationDecoderWaesImpl:88 ] - Saving in LEFT in JsonId:Test
19:36:13.380 [INFO ] [                   Test worker] [      OperationDecoderWaesImpl:88 ] - Saving in RIGHT in JsonId:Test
19:36:13.381 [INFO ] [                   Test worker] [      OperationDecoderWaesImpl:152] - Calculating differences
19:36:13.381 [INFO ] [                   Test worker] [      OperationDecoderWaesImpl:154] - LeftDecode:{
    "token": "123$dhgjtu",
    "comment": "Test1"
}
19:36:13.381 [INFO ] [                   Test worker] [      OperationDecoderWaesImpl:155] - RightDecode:{
"comment" : "Test",
"code" : 00
}
19:36:13.390 [INFO ] [                   Test worker] [      OperationDecoderWaesImpl:167] - DifferenceResponse [length=Length is not equal,leftDifference=token = 123$dhgjtu,rightDifference=code = 00,valueDifference=comment = (Test1, Test)]
19:36:13.403 [INFO ] [                   Test worker] [      OperationDecoderWaesImpl:104] - JSON Structure already in LEFT side
19:36:13.404 [INFO ] [                   Test worker] [      OperationDecoderWaesImpl:104] - JSON Structure already in RIGHT side
19:36:13.411 [INFO ] [                   Test worker] [      OperationDecoderWaesImpl:72 ] - JsonId Equal not found
19:36:13.412 [INFO ] [                   Test worker] [      OperationDecoderWaesImpl:73 ] - Creating new HashMap Instance
19:36:13.412 [INFO ] [                   Test worker] [      OperationDecoderWaesImpl:88 ] - Saving in LEFT in JsonId:Equal
19:36:13.413 [INFO ] [                   Test worker] [      OperationDecoderWaesImpl:88 ] - Saving in RIGHT in JsonId:Equal
19:36:13.413 [INFO ] [                   Test worker] [      OperationDecoderWaesImpl:144] - Length is equal, calculate differences is not necessary
19:36:13.414 [INFO ] [                   Test worker] [      OperationDecoderWaesImpl:167] - DifferenceResponse [length=Length is equal]
19:36:13.419 [INFO ] [                   Test worker] [      OperationDecoderWaesImpl:88 ] - Saving in RIGHT in JsonId:Test
19:36:13.420 [INFO ] [                   Test worker] [      OperationDecoderWaesImpl:152] - Calculating differences
19:36:13.420 [INFO ] [                   Test worker] [      OperationDecoderWaesImpl:154] - LeftDecode:{
    "token": "123$dhgjtu",
    "comment": "Test1"
}
19:36:13.421 [INFO ] [                   Test worker] [      OperationDecoderWaesImpl:155] - RightDecode:{
    "items": [
        {
            "id": 704,
            "valor": "100CC",
            "marca": "CARABELA"
        },
        {
            "id": 654,
            "valor": "1200 CUSTOM",
            "marca": "HARLEY-DAVIDSON"
        },
        {
            "id": 707,
            "valor": "125CC",
            "marca": "CARABELA"
        }
]
}
19:36:13.422 [INFO ] [                   Test worker] [      OperationDecoderWaesImpl:167] - DifferenceResponse [length=Length is not equal,leftDifference=token = 123$dhgjtu,comment = Test1,rightDifference=items = [{id=704.0, valor=100CC, marca=CARABELA}, {id=654.0, valor=1200 CUSTOM, marca=HARLEY-DAVIDSON}, {id=707.0, valor=125CC, marca=CARABELA}]]
19:36:13.423 [INFO ] [                   Test worker] [      OperationDecoderWaesImpl:88 ] - Saving in LEFT in JsonId:Test
19:36:13.424 [INFO ] [                   Test worker] [      OperationDecoderWaesImpl:152] - Calculating differences
19:36:13.424 [INFO ] [                   Test worker] [      OperationDecoderWaesImpl:154] - LeftDecode:{
"comment" : "Test",
"code" : 00
}
19:36:13.425 [INFO ] [                   Test worker] [      OperationDecoderWaesImpl:155] - RightDecode:{
    "items": [
        {
            "id": 704,
            "valor": "100CC",
            "marca": "CARABELA"
        },
        {
            "id": 654,
            "valor": "1200 CUSTOM",
            "marca": "HARLEY-DAVIDSON"
        },
        {
            "id": 707,
            "valor": "125CC",
            "marca": "CARABELA"
        }
]
}
19:36:13.426 [INFO ] [                   Test worker] [      OperationDecoderWaesImpl:167] - DifferenceResponse [length=Length is not equal,leftDifference=comment = Test,code = 00,rightDifference=items = [{id=704.0, valor=100CC, marca=CARABELA}, {id=654.0, valor=1200 CUSTOM, marca=HARLEY-DAVIDSON}, {id=707.0, valor=125CC, marca=CARABELA}]]
19:36:13.673 [INFO ] [        http-nio-auto-1-exec-9] [                           [/]:173] - Initializing Spring DispatcherServlet 'dispatcherServlet'
19:36:13.674 [INFO ] [        http-nio-auto-1-exec-9] [             DispatcherServlet:525] - Initializing Servlet 'dispatcherServlet'
19:36:13.721 [INFO ] [        http-nio-auto-1-exec-9] [             DispatcherServlet:547] - Completed initialization in 47 ms
19:36:13.837 [INFO ] [        http-nio-auto-1-exec-9] [     DecoderControllerWaesImpl:52 ] - /storeLeftJSON Request
19:36:13.837 [INFO ] [        http-nio-auto-1-exec-9] [     DecoderControllerWaesImpl:53 ] - jsonRequest:StoreJSONRequest(jsonObject=ewogICAgImdsb3NzYXJ5IjogewogICAgICAgICJ0aXRsZSI6ICJleGFtcGxlIGdsb3NzYXJ5IiwKCQkiR2xvc3NEaXYiOiB7CiAgICAgICAgICAgICJ0aXRsZSI6ICJTIiwKCQkJIkdsb3NzTGlzdCI6IHsKICAgICAgICAgICAgICAgICJHbG9zc0VudHJ5IjogewogICAgICAgICAgICAgICAgICAgICJJRCI6ICJTR01MIiwKCQkJCQkiU29ydEFzIjogIlNHTUwiLAoJCQkJCSJHbG9zc1Rlcm0iOiAiU3RhbmRhcmQgR2VuZXJhbGl6ZWQgTWFya3VwIExhbmd1YWdlIiwKCQkJCQkiQWNyb255bSI6ICJTR01MIiwKCQkJCQkiQWJicmV2IjogIklTTyA4ODc5OjE5ODYiLAoJCQkJCSJHbG9zc0RlZiI6IHsKICAgICAgICAgICAgICAgICAgICAgICAgInBhcmEiOiAiQSBtZXRhLW1hcmt1cCBsYW5ndWFnZSwgdXNlZCB0byBjcmVhdGUgbWFya3VwIGxhbmd1YWdlcyBzdWNoIGFzIERvY0Jvb2suIiwKCQkJCQkJIkdsb3NzU2VlQWxzbyI6IFsiR01MIiwgIlhNTCJdCiAgICAgICAgICAgICAgICAgICAgfSwKCQkJCQkiR2xvc3NTZWUiOiAibWFya3VwIgogICAgICAgICAgICAgICAgfQogICAgICAgICAgICB9CiAgICAgICAgfQogICAgfQp9)
19:36:13.837 [INFO ] [        http-nio-auto-1-exec-9] [     DecoderControllerWaesImpl:54 ] - idRequest:Integration
19:36:13.839 [INFO ] [        http-nio-auto-1-exec-9] [      OperationDecoderWaesImpl:72 ] - JsonId Integration not found
19:36:13.840 [INFO ] [        http-nio-auto-1-exec-9] [      OperationDecoderWaesImpl:73 ] - Creating new HashMap Instance
19:36:13.840 [INFO ] [        http-nio-auto-1-exec-9] [      OperationDecoderWaesImpl:88 ] - Saving in LEFT in JsonId:Integration
19:36:13.869 [INFO ] [        http-nio-auto-1-exec-8] [     DecoderControllerWaesImpl:75 ] - /storeRightJSON Request
19:36:13.870 [INFO ] [        http-nio-auto-1-exec-8] [     DecoderControllerWaesImpl:76 ] - jsonRequest:StoreJSONRequest(jsonObject=eyJ3aWRnZXQiOiB7CiAgICAiZGVidWciOiAib24iLAogICAgIndpbmRvdyI6IHsKICAgICAgICAidGl0bGUiOiAiU2FtcGxlIEtvbmZhYnVsYXRvciBXaWRnZXQiLAogICAgICAgICJuYW1lIjogIm1haW5fd2luZG93IiwKICAgICAgICAid2lkdGgiOiA1MDAsCiAgICAgICAgImhlaWdodCI6IDUwMAogICAgfSwKICAgICJpbWFnZSI6IHsgCiAgICAgICAgInNyYyI6ICJJbWFnZXMvU3VuLnBuZyIsCiAgICAgICAgIm5hbWUiOiAic3VuMSIsCiAgICAgICAgImhPZmZzZXQiOiAyNTAsCiAgICAgICAgInZPZmZzZXQiOiAyNTAsCiAgICAgICAgImFsaWdubWVudCI6ICJjZW50ZXIiCiAgICB9LAogICAgInRleHQiOiB7CiAgICAgICAgImRhdGEiOiAiQ2xpY2sgSGVyZSIsCiAgICAgICAgInNpemUiOiAzNiwKICAgICAgICAic3R5bGUiOiAiYm9sZCIsCiAgICAgICAgIm5hbWUiOiAidGV4dDEiLAogICAgICAgICJoT2Zmc2V0IjogMjUwLAogICAgICAgICJ2T2Zmc2V0IjogMTAwLAogICAgICAgICJhbGlnbm1lbnQiOiAiY2VudGVyIiwKICAgICAgICAib25Nb3VzZVVwIjogInN1bjEub3BhY2l0eSA9IChzdW4xLm9wYWNpdHkgLyAxMDApICogOTA7IgogICAgfQp9fSAgIA==)
19:36:13.870 [INFO ] [        http-nio-auto-1-exec-8] [     DecoderControllerWaesImpl:77 ] - idRequest:Integration
19:36:13.871 [INFO ] [        http-nio-auto-1-exec-8] [      OperationDecoderWaesImpl:88 ] - Saving in RIGHT in JsonId:Integration
19:36:13.871 [INFO ] [        http-nio-auto-1-exec-8] [      OperationDecoderWaesImpl:152] - Calculating differences
19:36:13.872 [INFO ] [        http-nio-auto-1-exec-8] [      OperationDecoderWaesImpl:154] - LeftDecode:{
    "glossary": {
        "title": "example glossary",
		"GlossDiv": {
            "title": "S",
			"GlossList": {
                "GlossEntry": {
                    "ID": "SGML",
					"SortAs": "SGML",
					"GlossTerm": "Standard Generalized Markup Language",
					"Acronym": "SGML",
					"Abbrev": "ISO 8879:1986",
					"GlossDef": {
                        "para": "A meta-markup language, used to create markup languages such as DocBook.",
						"GlossSeeAlso": ["GML", "XML"]
                    },
					"GlossSee": "markup"
                }
            }
        }
    }
}
19:36:13.873 [INFO ] [        http-nio-auto-1-exec-8] [      OperationDecoderWaesImpl:155] - RightDecode:{"widget": {
    "debug": "on",
    "window": {
        "title": "Sample Konfabulator Widget",
        "name": "main_window",
        "width": 500,
        "height": 500
    },
    "image": { 
        "src": "Images/Sun.png",
        "name": "sun1",
        "hOffset": 250,
        "vOffset": 250,
        "alignment": "center"
    },
    "text": {
        "data": "Click Here",
        "size": 36,
        "style": "bold",
        "name": "text1",
        "hOffset": 250,
        "vOffset": 100,
        "alignment": "center",
        "onMouseUp": "sun1.opacity = (sun1.opacity / 100) * 90;"
    }
}}   
19:36:13.874 [INFO ] [        http-nio-auto-1-exec-8] [      OperationDecoderWaesImpl:167] - DifferenceResponse [length=Length is not equal,leftDifference=glossary = {title=example glossary, GlossDiv={title=S, GlossList={GlossEntry={ID=SGML, SortAs=SGML, GlossTerm=Standard Generalized Markup Language, Acronym=SGML, Abbrev=ISO 8879:1986, GlossDef={para=A meta-markup language, used to create markup languages such as DocBook., GlossSeeAlso=[GML, XML]}, GlossSee=markup}}}},rightDifference=widget = {debug=on, window={title=Sample Konfabulator Widget, name=main_window, width=500.0, height=500.0}, image={src=Images/Sun.png, name=sun1, hOffset=250.0, vOffset=250.0, alignment=center}, text={data=Click Here, size=36.0, style=bold, name=text1, hOffset=250.0, vOffset=100.0, alignment=center, onMouseUp=sun1.opacity = (sun1.opacity / 100) * 90;}}]
19:36:13.882 [INFO ] [        http-nio-auto-1-exec-5] [     DecoderControllerWaesImpl:99 ] - /getDifferences Request
19:36:13.882 [INFO ] [        http-nio-auto-1-exec-5] [     DecoderControllerWaesImpl:100] - idRequest:Integration
19:36:13.890 [INFO ] [        http-nio-auto-1-exec-4] [     DecoderControllerWaesImpl:119] - /getAllDifferences
19:36:13.918 [INFO ] [     SpringContextShutdownHook] [        ThreadPoolTaskExecutor:208] - Shutting down ExecutorService 'applicationTaskExecutor'
